#-----------------------------------------------------------
# Vivado v2024.2 (64-bit)
# SW Build 5239630 on Fri Nov 08 22:35:27 MST 2024
# IP Build 5239520 on Sun Nov 10 16:12:51 MST 2024
# SharedData Build 5239561 on Fri Nov 08 14:39:27 MST 2024
# Start of session at: Wed Mar 26 23:32:21 2025
# Process ID         : 29152
# Current directory  : C:/Users/willy/Desktop/Paperasse/Job/Celero/IIR/Vivado/IIR
# Command line       : vivado.exe -gui_launcher_event rodinguilauncherevent33088 C:\Users\willy\Desktop\Paperasse\Job\Celero\IIR\Vivado\IIR\IIR.xpr
# Log file           : C:/Users/willy/Desktop/Paperasse/Job/Celero/IIR/Vivado/IIR/vivado.log
# Journal file       : C:/Users/willy/Desktop/Paperasse/Job/Celero/IIR/Vivado/IIR\vivado.jou
# Running On         : wmagnan
# Platform           : Windows Server 2016 or Windows 10
# Operating System   : 26100
# Processor Detail   : AMD Ryzen 7 9700X 8-Core Processor             
# CPU Frequency      : 3793 MHz
# CPU Physical cores : 8
# CPU Logical cores  : 16
# Host memory        : 33377 MB
# Swap memory        : 16106 MB
# Total Virtual      : 49483 MB
# Available Virtual  : 21702 MB
#-----------------------------------------------------------
start_gui
open_project C:/Users/willy/Desktop/Paperasse/Job/Celero/IIR/Vivado/IIR/IIR.xpr
INFO: [Project 1-313] Project file moved from 'C:/Users/willy/Desktop/Paperasse/Job/Celero/Vivado/IIR' since last save.
INFO: [filemgmt 56-3] Default IP Output Path : Could not find the directory 'C:/Users/willy/Desktop/Paperasse/Job/Celero/IIR/Vivado/IIR/IIR.gen/sources_1'.
Scanning sources...
Finished scanning sources
INFO: [IP_Flow 19-234] Refreshing IP repositories
INFO: [IP_Flow 19-1704] No user IP repositories specified
INFO: [IP_Flow 19-2313] Loaded Vivado IP repository 'C:/Xilinx/Vivado/2024.2/data/ip'.
